<?xml version="1.0" encoding="UTF-8"?>
<!-- Generated by org.testng.reporters.JUnitReportReporter -->
<testsuite hostname="Igors-MacBook-Pro.local" failures="0" tests="3" name="babyarkWeb.Tests.Tests" time="67.202" errors="0" timestamp="2023-02-07T13:40:58 IST" skipped="1">
  <testcase classname="babyarkWeb.Tests.Tests" name="shopPageTest" time="35.764"/>
  <system-out/>
  <testcase classname="babyarkWeb.Tests.Tests" name="foreverSafeFrameTest" time="31.438"/>
  <system-out/>
  <testcase classname="babyarkWeb.Tests.Tests" name="CheckHeaderOnmainPage">
    <skipped/>
  </testcase> <!-- CheckHeaderOnmainPage -->
  <system-out/>
</testsuite> <!-- babyarkWeb.Tests.Tests -->
