<?xml version="1.0" encoding="UTF-8"?>
<!-- Generated by org.testng.reporters.JUnitReportReporter -->
<testsuite hostname="Igors-MacBook-Pro.local" failures="0" tests="1" name="babyarkWeb.Tests.MainPageTests" time="18.730" errors="0" timestamp="2023-01-16T12:29:36 IST" skipped="0">
  <testcase classname="babyarkWeb.Tests.MainPageTests" name="Test" time="18.730"/>
  <system-out/>
</testsuite> <!-- babyarkWeb.Tests.MainPageTests -->
